[2024-07-21 03:51:16,414] {taskinstance.py:896} INFO - Dependencies all met for <TaskInstance: ETL_task.caculate_square_amount 2024-07-21T03:46:12.060542+00:00 [queued]>
[2024-07-21 03:51:16,440] {taskinstance.py:896} INFO - Dependencies all met for <TaskInstance: ETL_task.caculate_square_amount 2024-07-21T03:46:12.060542+00:00 [queued]>
[2024-07-21 03:51:16,441] {taskinstance.py:1087} INFO - 
--------------------------------------------------------------------------------
[2024-07-21 03:51:16,441] {taskinstance.py:1088} INFO - Starting attempt 2 of 2
[2024-07-21 03:51:16,441] {taskinstance.py:1089} INFO - 
--------------------------------------------------------------------------------
[2024-07-21 03:51:16,452] {taskinstance.py:1107} INFO - Executing <Task(PythonOperator): caculate_square_amount> on 2024-07-21T03:46:12.060542+00:00
[2024-07-21 03:51:16,456] {standard_task_runner.py:52} INFO - Started process 1231 to run task
[2024-07-21 03:51:16,459] {standard_task_runner.py:76} INFO - Running: ['***', 'tasks', 'run', 'ETL_task', 'caculate_square_amount', '2024-07-21T03:46:12.060542+00:00', '--job-id', '213', '--pool', 'default_pool', '--raw', '--subdir', 'DAGS_FOLDER/ELT.py', '--cfg-path', '/tmp/tmpqd2ku_v0', '--error-file', '/tmp/tmpg7en10gt']
[2024-07-21 03:51:16,460] {standard_task_runner.py:77} INFO - Job 213: Subtask caculate_square_amount
[2024-07-21 03:51:16,518] {logging_mixin.py:104} INFO - Running <TaskInstance: ETL_task.caculate_square_amount 2024-07-21T03:46:12.060542+00:00 [running]> on host abd747f4a187
[2024-07-21 03:51:16,564] {taskinstance.py:1302} INFO - Exporting the following env vars:
AIRFLOW_CTX_DAG_EMAIL=trihx2003@gmail.com
AIRFLOW_CTX_DAG_OWNER=***
AIRFLOW_CTX_DAG_ID=ETL_task
AIRFLOW_CTX_TASK_ID=caculate_square_amount
AIRFLOW_CTX_EXECUTION_DATE=2024-07-21T03:46:12.060542+00:00
AIRFLOW_CTX_DAG_RUN_ID=manual__2024-07-21T03:46:12.060542+00:00
[2024-07-21 03:51:16,595] {python.py:151} INFO - Done. Returned value was: True
[2024-07-21 03:51:16,622] {taskinstance.py:1211} INFO - Marking task as SUCCESS. dag_id=ETL_task, task_id=caculate_square_amount, execution_date=20240721T034612, start_date=20240721T035116, end_date=20240721T035116
[2024-07-21 03:51:16,656] {taskinstance.py:1265} INFO - 1 downstream tasks scheduled from follow-on schedule check
[2024-07-21 03:51:16,672] {local_task_job.py:149} INFO - Task exited with return code 0
