[2024-07-23 15:30:17,989] {taskinstance.py:896} INFO - Dependencies all met for <TaskInstance: ETL_task.crawl_data 2024-07-23T15:27:52.941443+00:00 [queued]>
[2024-07-23 15:30:18,004] {taskinstance.py:896} INFO - Dependencies all met for <TaskInstance: ETL_task.crawl_data 2024-07-23T15:27:52.941443+00:00 [queued]>
[2024-07-23 15:30:18,005] {taskinstance.py:1087} INFO - 
--------------------------------------------------------------------------------
[2024-07-23 15:30:18,005] {taskinstance.py:1088} INFO - Starting attempt 1 of 2
[2024-07-23 15:30:18,005] {taskinstance.py:1089} INFO - 
--------------------------------------------------------------------------------
[2024-07-23 15:30:18,013] {taskinstance.py:1107} INFO - Executing <Task(PythonOperator): crawl_data> on 2024-07-23T15:27:52.941443+00:00
[2024-07-23 15:30:18,017] {standard_task_runner.py:52} INFO - Started process 3686 to run task
[2024-07-23 15:30:18,021] {standard_task_runner.py:76} INFO - Running: ['***', 'tasks', 'run', 'ETL_task', 'crawl_data', '2024-07-23T15:27:52.941443+00:00', '--job-id', '336', '--pool', 'default_pool', '--raw', '--subdir', 'DAGS_FOLDER/ETL.py', '--cfg-path', '/tmp/tmpxdbvktns', '--error-file', '/tmp/tmppjhaav5s']
[2024-07-23 15:30:18,023] {standard_task_runner.py:77} INFO - Job 336: Subtask crawl_data
[2024-07-23 15:30:18,060] {logging_mixin.py:104} INFO - Running <TaskInstance: ETL_task.crawl_data 2024-07-23T15:27:52.941443+00:00 [running]> on host 1026daea27fc
[2024-07-23 15:30:18,101] {taskinstance.py:1302} INFO - Exporting the following env vars:
AIRFLOW_CTX_DAG_EMAIL=trihx2003@gmail.com
AIRFLOW_CTX_DAG_OWNER=***
AIRFLOW_CTX_DAG_ID=ETL_task
AIRFLOW_CTX_TASK_ID=crawl_data
AIRFLOW_CTX_EXECUTION_DATE=2024-07-23T15:27:52.941443+00:00
AIRFLOW_CTX_DAG_RUN_ID=manual__2024-07-23T15:27:52.941443+00:00
[2024-07-23 15:30:18,739] {logging_mixin.py:104} INFO - Request failed with status code 429
[2024-07-23 15:30:18,741] {python.py:151} INFO - Done. Returned value was: None
[2024-07-23 15:30:18,753] {taskinstance.py:1211} INFO - Marking task as SUCCESS. dag_id=ETL_task, task_id=crawl_data, execution_date=20240723T152752, start_date=20240723T153017, end_date=20240723T153018
[2024-07-23 15:30:18,786] {taskinstance.py:1265} INFO - 1 downstream tasks scheduled from follow-on schedule check
[2024-07-23 15:30:18,798] {local_task_job.py:149} INFO - Task exited with return code 0
