[2024-07-23 12:27:20,192] {taskinstance.py:896} INFO - Dependencies all met for <TaskInstance: ETL_task.crawl_data 2024-07-23T12:27:18.895823+00:00 [queued]>
[2024-07-23 12:27:20,205] {taskinstance.py:896} INFO - Dependencies all met for <TaskInstance: ETL_task.crawl_data 2024-07-23T12:27:18.895823+00:00 [queued]>
[2024-07-23 12:27:20,206] {taskinstance.py:1087} INFO - 
--------------------------------------------------------------------------------
[2024-07-23 12:27:20,206] {taskinstance.py:1088} INFO - Starting attempt 1 of 2
[2024-07-23 12:27:20,207] {taskinstance.py:1089} INFO - 
--------------------------------------------------------------------------------
[2024-07-23 12:27:20,214] {taskinstance.py:1107} INFO - Executing <Task(PythonOperator): crawl_data> on 2024-07-23T12:27:18.895823+00:00
[2024-07-23 12:27:20,218] {standard_task_runner.py:52} INFO - Started process 1921 to run task
[2024-07-23 12:27:20,222] {standard_task_runner.py:76} INFO - Running: ['***', 'tasks', 'run', 'ETL_task', 'crawl_data', '2024-07-23T12:27:18.895823+00:00', '--job-id', '280', '--pool', 'default_pool', '--raw', '--subdir', 'DAGS_FOLDER/ETL.py', '--cfg-path', '/tmp/tmpi_odor4b', '--error-file', '/tmp/tmp07s795vt']
[2024-07-23 12:27:20,224] {standard_task_runner.py:77} INFO - Job 280: Subtask crawl_data
[2024-07-23 12:27:20,263] {logging_mixin.py:104} INFO - Running <TaskInstance: ETL_task.crawl_data 2024-07-23T12:27:18.895823+00:00 [running]> on host 9f7825e189e0
[2024-07-23 12:27:20,307] {taskinstance.py:1302} INFO - Exporting the following env vars:
AIRFLOW_CTX_DAG_EMAIL=trihx2003@gmail.com
AIRFLOW_CTX_DAG_OWNER=***
AIRFLOW_CTX_DAG_ID=ETL_task
AIRFLOW_CTX_TASK_ID=crawl_data
AIRFLOW_CTX_EXECUTION_DATE=2024-07-23T12:27:18.895823+00:00
AIRFLOW_CTX_DAG_RUN_ID=manual__2024-07-23T12:27:18.895823+00:00
[2024-07-23 12:29:22,129] {python.py:151} INFO - Done. Returned value was: True
[2024-07-23 12:29:22,148] {taskinstance.py:1211} INFO - Marking task as SUCCESS. dag_id=ETL_task, task_id=crawl_data, execution_date=20240723T122718, start_date=20240723T122720, end_date=20240723T122922
[2024-07-23 12:29:22,170] {taskinstance.py:1265} INFO - 1 downstream tasks scheduled from follow-on schedule check
[2024-07-23 12:29:22,198] {local_task_job.py:149} INFO - Task exited with return code 0
