[2024-07-23 15:11:57,049] {taskinstance.py:896} INFO - Dependencies all met for <TaskInstance: ETL_task.transform_data 2024-07-23T15:11:51.997935+00:00 [queued]>
[2024-07-23 15:11:57,062] {taskinstance.py:896} INFO - Dependencies all met for <TaskInstance: ETL_task.transform_data 2024-07-23T15:11:51.997935+00:00 [queued]>
[2024-07-23 15:11:57,063] {taskinstance.py:1087} INFO - 
--------------------------------------------------------------------------------
[2024-07-23 15:11:57,063] {taskinstance.py:1088} INFO - Starting attempt 1 of 2
[2024-07-23 15:11:57,064] {taskinstance.py:1089} INFO - 
--------------------------------------------------------------------------------
[2024-07-23 15:11:57,073] {taskinstance.py:1107} INFO - Executing <Task(PythonOperator): transform_data> on 2024-07-23T15:11:51.997935+00:00
[2024-07-23 15:11:57,077] {standard_task_runner.py:52} INFO - Started process 1818 to run task
[2024-07-23 15:11:57,081] {standard_task_runner.py:76} INFO - Running: ['***', 'tasks', 'run', 'ETL_task', 'transform_data', '2024-07-23T15:11:51.997935+00:00', '--job-id', '327', '--pool', 'default_pool', '--raw', '--subdir', 'DAGS_FOLDER/ETL.py', '--cfg-path', '/tmp/tmp1lcmsp09', '--error-file', '/tmp/tmp1xzeqb3j']
[2024-07-23 15:11:57,083] {standard_task_runner.py:77} INFO - Job 327: Subtask transform_data
[2024-07-23 15:11:57,118] {logging_mixin.py:104} INFO - Running <TaskInstance: ETL_task.transform_data 2024-07-23T15:11:51.997935+00:00 [running]> on host 1026daea27fc
[2024-07-23 15:11:57,163] {taskinstance.py:1302} INFO - Exporting the following env vars:
AIRFLOW_CTX_DAG_EMAIL=trihx2003@gmail.com
AIRFLOW_CTX_DAG_OWNER=***
AIRFLOW_CTX_DAG_ID=ETL_task
AIRFLOW_CTX_TASK_ID=transform_data
AIRFLOW_CTX_EXECUTION_DATE=2024-07-23T15:11:51.997935+00:00
AIRFLOW_CTX_DAG_RUN_ID=manual__2024-07-23T15:11:51.997935+00:00
[2024-07-23 15:11:57,300] {logging_mixin.py:104} INFO - Bảng xếp hạng đã được lưu vào file 'premier_league_ranking.csv'.
[2024-07-23 15:11:57,301] {python.py:151} INFO - Done. Returned value was: True
[2024-07-23 15:11:57,323] {taskinstance.py:1211} INFO - Marking task as SUCCESS. dag_id=ETL_task, task_id=transform_data, execution_date=20240723T151151, start_date=20240723T151157, end_date=20240723T151157
[2024-07-23 15:11:57,346] {taskinstance.py:1265} INFO - 1 downstream tasks scheduled from follow-on schedule check
[2024-07-23 15:11:57,377] {local_task_job.py:149} INFO - Task exited with return code 0
