[2024-07-21 03:42:06,368] {taskinstance.py:896} INFO - Dependencies all met for <TaskInstance: ETL_task.load_from_mysql 2021-08-15T00:00:00+00:00 [queued]>
[2024-07-21 03:42:06,400] {taskinstance.py:896} INFO - Dependencies all met for <TaskInstance: ETL_task.load_from_mysql 2021-08-15T00:00:00+00:00 [queued]>
[2024-07-21 03:42:06,401] {taskinstance.py:1087} INFO - 
--------------------------------------------------------------------------------
[2024-07-21 03:42:06,402] {taskinstance.py:1088} INFO - Starting attempt 1 of 2
[2024-07-21 03:42:06,402] {taskinstance.py:1089} INFO - 
--------------------------------------------------------------------------------
[2024-07-21 03:42:06,423] {taskinstance.py:1107} INFO - Executing <Task(PythonOperator): load_from_mysql> on 2021-08-15T00:00:00+00:00
[2024-07-21 03:42:06,429] {standard_task_runner.py:52} INFO - Started process 276 to run task
[2024-07-21 03:42:06,450] {standard_task_runner.py:76} INFO - Running: ['***', 'tasks', 'run', 'ETL_task', 'load_from_mysql', '2021-08-15T00:00:00+00:00', '--job-id', '189', '--pool', 'default_pool', '--raw', '--subdir', 'DAGS_FOLDER/ELT.py', '--cfg-path', '/tmp/tmptq48u4iu', '--error-file', '/tmp/tmprmzzrlv2']
[2024-07-21 03:42:06,473] {standard_task_runner.py:77} INFO - Job 189: Subtask load_from_mysql
[2024-07-21 03:42:06,569] {logging_mixin.py:104} INFO - Running <TaskInstance: ETL_task.load_from_mysql 2021-08-15T00:00:00+00:00 [running]> on host abd747f4a187
[2024-07-21 03:42:06,669] {taskinstance.py:1302} INFO - Exporting the following env vars:
AIRFLOW_CTX_DAG_EMAIL=trihx2003@gmail.com
AIRFLOW_CTX_DAG_OWNER=***
AIRFLOW_CTX_DAG_ID=ETL_task
AIRFLOW_CTX_TASK_ID=load_from_mysql
AIRFLOW_CTX_EXECUTION_DATE=2021-08-15T00:00:00+00:00
AIRFLOW_CTX_DAG_RUN_ID=scheduled__2021-08-15T00:00:00+00:00
[2024-07-21 03:42:06,678] {python.py:151} INFO - Done. Returned value was: True
[2024-07-21 03:42:06,741] {taskinstance.py:1211} INFO - Marking task as SUCCESS. dag_id=ETL_task, task_id=load_from_mysql, execution_date=20210815T000000, start_date=20240721T034206, end_date=20240721T034206
[2024-07-21 03:42:07,120] {taskinstance.py:1265} INFO - 1 downstream tasks scheduled from follow-on schedule check
[2024-07-21 03:42:07,139] {local_task_job.py:149} INFO - Task exited with return code 0
