[2024-07-23 12:29:26,145] {taskinstance.py:896} INFO - Dependencies all met for <TaskInstance: ETL_task.load_to_postgres 2024-07-23T12:27:18.895823+00:00 [queued]>
[2024-07-23 12:29:26,157] {taskinstance.py:896} INFO - Dependencies all met for <TaskInstance: ETL_task.load_to_postgres 2024-07-23T12:27:18.895823+00:00 [queued]>
[2024-07-23 12:29:26,159] {taskinstance.py:1087} INFO - 
--------------------------------------------------------------------------------
[2024-07-23 12:29:26,160] {taskinstance.py:1088} INFO - Starting attempt 1 of 2
[2024-07-23 12:29:26,160] {taskinstance.py:1089} INFO - 
--------------------------------------------------------------------------------
[2024-07-23 12:29:26,174] {taskinstance.py:1107} INFO - Executing <Task(PythonOperator): load_to_postgres> on 2024-07-23T12:27:18.895823+00:00
[2024-07-23 12:29:26,178] {standard_task_runner.py:52} INFO - Started process 2159 to run task
[2024-07-23 12:29:26,183] {standard_task_runner.py:76} INFO - Running: ['***', 'tasks', 'run', 'ETL_task', 'load_to_postgres', '2024-07-23T12:27:18.895823+00:00', '--job-id', '283', '--pool', 'default_pool', '--raw', '--subdir', 'DAGS_FOLDER/ETL.py', '--cfg-path', '/tmp/tmpgddcuts5', '--error-file', '/tmp/tmpozz3ux7m']
[2024-07-23 12:29:26,185] {standard_task_runner.py:77} INFO - Job 283: Subtask load_to_postgres
[2024-07-23 12:29:26,222] {logging_mixin.py:104} INFO - Running <TaskInstance: ETL_task.load_to_postgres 2024-07-23T12:27:18.895823+00:00 [running]> on host 9f7825e189e0
[2024-07-23 12:29:26,263] {taskinstance.py:1302} INFO - Exporting the following env vars:
AIRFLOW_CTX_DAG_EMAIL=trihx2003@gmail.com
AIRFLOW_CTX_DAG_OWNER=***
AIRFLOW_CTX_DAG_ID=ETL_task
AIRFLOW_CTX_TASK_ID=load_to_postgres
AIRFLOW_CTX_EXECUTION_DATE=2024-07-23T12:27:18.895823+00:00
AIRFLOW_CTX_DAG_RUN_ID=manual__2024-07-23T12:27:18.895823+00:00
[2024-07-23 12:29:26,297] {python.py:151} INFO - Done. Returned value was: True
[2024-07-23 12:29:26,318] {taskinstance.py:1211} INFO - Marking task as SUCCESS. dag_id=ETL_task, task_id=load_to_postgres, execution_date=20240723T122718, start_date=20240723T122926, end_date=20240723T122926
[2024-07-23 12:29:26,339] {taskinstance.py:1265} INFO - 0 downstream tasks scheduled from follow-on schedule check
[2024-07-23 12:29:26,356] {local_task_job.py:149} INFO - Task exited with return code 0
