[2024-07-23 15:30:21,176] {taskinstance.py:896} INFO - Dependencies all met for <TaskInstance: ETL_task.transform_data 2021-06-01T00:00:00+00:00 [queued]>
[2024-07-23 15:30:21,190] {taskinstance.py:896} INFO - Dependencies all met for <TaskInstance: ETL_task.transform_data 2021-06-01T00:00:00+00:00 [queued]>
[2024-07-23 15:30:21,191] {taskinstance.py:1087} INFO - 
--------------------------------------------------------------------------------
[2024-07-23 15:30:21,191] {taskinstance.py:1088} INFO - Starting attempt 1 of 2
[2024-07-23 15:30:21,191] {taskinstance.py:1089} INFO - 
--------------------------------------------------------------------------------
[2024-07-23 15:30:21,200] {taskinstance.py:1107} INFO - Executing <Task(PythonOperator): transform_data> on 2021-06-01T00:00:00+00:00
[2024-07-23 15:30:21,203] {standard_task_runner.py:52} INFO - Started process 3694 to run task
[2024-07-23 15:30:21,207] {standard_task_runner.py:76} INFO - Running: ['***', 'tasks', 'run', 'ETL_task', 'transform_data', '2021-06-01T00:00:00+00:00', '--job-id', '340', '--pool', 'default_pool', '--raw', '--subdir', 'DAGS_FOLDER/ETL.py', '--cfg-path', '/tmp/tmppn8pgtrp', '--error-file', '/tmp/tmpokuen3fk']
[2024-07-23 15:30:21,210] {standard_task_runner.py:77} INFO - Job 340: Subtask transform_data
[2024-07-23 15:30:21,245] {logging_mixin.py:104} INFO - Running <TaskInstance: ETL_task.transform_data 2021-06-01T00:00:00+00:00 [running]> on host 1026daea27fc
[2024-07-23 15:30:21,283] {taskinstance.py:1302} INFO - Exporting the following env vars:
AIRFLOW_CTX_DAG_EMAIL=trihx2003@gmail.com
AIRFLOW_CTX_DAG_OWNER=***
AIRFLOW_CTX_DAG_ID=ETL_task
AIRFLOW_CTX_TASK_ID=transform_data
AIRFLOW_CTX_EXECUTION_DATE=2021-06-01T00:00:00+00:00
AIRFLOW_CTX_DAG_RUN_ID=scheduled__2021-06-01T00:00:00+00:00
[2024-07-23 15:30:21,531] {logging_mixin.py:104} INFO - Bảng xếp hạng đã được lưu vào file 'premier_league_ranking.csv'.
[2024-07-23 15:30:21,531] {python.py:151} INFO - Done. Returned value was: True
[2024-07-23 15:30:21,579] {taskinstance.py:1211} INFO - Marking task as SUCCESS. dag_id=ETL_task, task_id=transform_data, execution_date=20210601T000000, start_date=20240723T153021, end_date=20240723T153021
[2024-07-23 15:30:21,643] {taskinstance.py:1265} INFO - 1 downstream tasks scheduled from follow-on schedule check
[2024-07-23 15:30:21,662] {local_task_job.py:149} INFO - Task exited with return code 0
