[2024-07-23 15:19:02,675] {taskinstance.py:896} INFO - Dependencies all met for <TaskInstance: ETL_task.load_to_postgres 2024-07-23T15:18:54.995001+00:00 [queued]>
[2024-07-23 15:19:02,691] {taskinstance.py:896} INFO - Dependencies all met for <TaskInstance: ETL_task.load_to_postgres 2024-07-23T15:18:54.995001+00:00 [queued]>
[2024-07-23 15:19:02,691] {taskinstance.py:1087} INFO - 
--------------------------------------------------------------------------------
[2024-07-23 15:19:02,692] {taskinstance.py:1088} INFO - Starting attempt 1 of 2
[2024-07-23 15:19:02,692] {taskinstance.py:1089} INFO - 
--------------------------------------------------------------------------------
[2024-07-23 15:19:02,701] {taskinstance.py:1107} INFO - Executing <Task(PythonOperator): load_to_postgres> on 2024-07-23T15:18:54.995001+00:00
[2024-07-23 15:19:02,705] {standard_task_runner.py:52} INFO - Started process 2545 to run task
[2024-07-23 15:19:02,709] {standard_task_runner.py:76} INFO - Running: ['***', 'tasks', 'run', 'ETL_task', 'load_to_postgres', '2024-07-23T15:18:54.995001+00:00', '--job-id', '333', '--pool', 'default_pool', '--raw', '--subdir', 'DAGS_FOLDER/ETL.py', '--cfg-path', '/tmp/tmpx79wxmb_', '--error-file', '/tmp/tmpaslulf1l']
[2024-07-23 15:19:02,710] {standard_task_runner.py:77} INFO - Job 333: Subtask load_to_postgres
[2024-07-23 15:19:02,746] {logging_mixin.py:104} INFO - Running <TaskInstance: ETL_task.load_to_postgres 2024-07-23T15:18:54.995001+00:00 [running]> on host 1026daea27fc
[2024-07-23 15:19:02,783] {taskinstance.py:1302} INFO - Exporting the following env vars:
AIRFLOW_CTX_DAG_EMAIL=trihx2003@gmail.com
AIRFLOW_CTX_DAG_OWNER=***
AIRFLOW_CTX_DAG_ID=ETL_task
AIRFLOW_CTX_TASK_ID=load_to_postgres
AIRFLOW_CTX_EXECUTION_DATE=2024-07-23T15:18:54.995001+00:00
AIRFLOW_CTX_DAG_RUN_ID=manual__2024-07-23T15:18:54.995001+00:00
[2024-07-23 15:19:02,832] {python.py:151} INFO - Done. Returned value was: True
[2024-07-23 15:19:02,852] {taskinstance.py:1211} INFO - Marking task as SUCCESS. dag_id=ETL_task, task_id=load_to_postgres, execution_date=20240723T151854, start_date=20240723T151902, end_date=20240723T151902
[2024-07-23 15:19:02,876] {taskinstance.py:1265} INFO - 1 downstream tasks scheduled from follow-on schedule check
[2024-07-23 15:19:02,923] {local_task_job.py:149} INFO - Task exited with return code 0
