[2024-07-21 04:37:03,603] {taskinstance.py:896} INFO - Dependencies all met for <TaskInstance: ETL_task.caculate_square_amount 2024-07-21T04:36:53.275562+00:00 [queued]>
[2024-07-21 04:37:03,620] {taskinstance.py:896} INFO - Dependencies all met for <TaskInstance: ETL_task.caculate_square_amount 2024-07-21T04:36:53.275562+00:00 [queued]>
[2024-07-21 04:37:03,620] {taskinstance.py:1087} INFO - 
--------------------------------------------------------------------------------
[2024-07-21 04:37:03,621] {taskinstance.py:1088} INFO - Starting attempt 1 of 2
[2024-07-21 04:37:03,621] {taskinstance.py:1089} INFO - 
--------------------------------------------------------------------------------
[2024-07-21 04:37:03,631] {taskinstance.py:1107} INFO - Executing <Task(PythonOperator): caculate_square_amount> on 2024-07-21T04:36:53.275562+00:00
[2024-07-21 04:37:03,637] {standard_task_runner.py:52} INFO - Started process 200 to run task
[2024-07-21 04:37:03,641] {standard_task_runner.py:76} INFO - Running: ['***', 'tasks', 'run', 'ETL_task', 'caculate_square_amount', '2024-07-21T04:36:53.275562+00:00', '--job-id', '257', '--pool', 'default_pool', '--raw', '--subdir', 'DAGS_FOLDER/ETL.py', '--cfg-path', '/tmp/tmpyybkp234', '--error-file', '/tmp/tmpejsm15jm']
[2024-07-21 04:37:03,642] {standard_task_runner.py:77} INFO - Job 257: Subtask caculate_square_amount
[2024-07-21 04:37:03,686] {logging_mixin.py:104} INFO - Running <TaskInstance: ETL_task.caculate_square_amount 2024-07-21T04:36:53.275562+00:00 [running]> on host b19ee44dc7cc
[2024-07-21 04:37:03,742] {taskinstance.py:1302} INFO - Exporting the following env vars:
AIRFLOW_CTX_DAG_EMAIL=trihx2003@gmail.com
AIRFLOW_CTX_DAG_OWNER=***
AIRFLOW_CTX_DAG_ID=ETL_task
AIRFLOW_CTX_TASK_ID=caculate_square_amount
AIRFLOW_CTX_EXECUTION_DATE=2024-07-21T04:36:53.275562+00:00
AIRFLOW_CTX_DAG_RUN_ID=manual__2024-07-21T04:36:53.275562+00:00
[2024-07-21 04:37:03,787] {python.py:151} INFO - Done. Returned value was: True
[2024-07-21 04:37:03,808] {taskinstance.py:1211} INFO - Marking task as SUCCESS. dag_id=ETL_task, task_id=caculate_square_amount, execution_date=20240721T043653, start_date=20240721T043703, end_date=20240721T043703
[2024-07-21 04:37:03,830] {taskinstance.py:1265} INFO - 1 downstream tasks scheduled from follow-on schedule check
[2024-07-21 04:37:03,852] {local_task_job.py:149} INFO - Task exited with return code 0
