[2024-07-21 03:46:13,190] {taskinstance.py:896} INFO - Dependencies all met for <TaskInstance: ETL_task.load_from_mysql 2024-07-21T03:46:12.060542+00:00 [queued]>
[2024-07-21 03:46:13,205] {taskinstance.py:896} INFO - Dependencies all met for <TaskInstance: ETL_task.load_from_mysql 2024-07-21T03:46:12.060542+00:00 [queued]>
[2024-07-21 03:46:13,205] {taskinstance.py:1087} INFO - 
--------------------------------------------------------------------------------
[2024-07-21 03:46:13,205] {taskinstance.py:1088} INFO - Starting attempt 1 of 2
[2024-07-21 03:46:13,205] {taskinstance.py:1089} INFO - 
--------------------------------------------------------------------------------
[2024-07-21 03:46:13,214] {taskinstance.py:1107} INFO - Executing <Task(PythonOperator): load_from_mysql> on 2024-07-21T03:46:12.060542+00:00
[2024-07-21 03:46:13,218] {standard_task_runner.py:52} INFO - Started process 695 to run task
[2024-07-21 03:46:13,221] {standard_task_runner.py:76} INFO - Running: ['***', 'tasks', 'run', 'ETL_task', 'load_from_mysql', '2024-07-21T03:46:12.060542+00:00', '--job-id', '204', '--pool', 'default_pool', '--raw', '--subdir', 'DAGS_FOLDER/ELT.py', '--cfg-path', '/tmp/tmps6291z69', '--error-file', '/tmp/tmpb0vkk0_9']
[2024-07-21 03:46:13,222] {standard_task_runner.py:77} INFO - Job 204: Subtask load_from_mysql
[2024-07-21 03:46:13,262] {logging_mixin.py:104} INFO - Running <TaskInstance: ETL_task.load_from_mysql 2024-07-21T03:46:12.060542+00:00 [running]> on host abd747f4a187
[2024-07-21 03:46:13,303] {taskinstance.py:1302} INFO - Exporting the following env vars:
AIRFLOW_CTX_DAG_EMAIL=trihx2003@gmail.com
AIRFLOW_CTX_DAG_OWNER=***
AIRFLOW_CTX_DAG_ID=ETL_task
AIRFLOW_CTX_TASK_ID=load_from_mysql
AIRFLOW_CTX_EXECUTION_DATE=2024-07-21T03:46:12.060542+00:00
AIRFLOW_CTX_DAG_RUN_ID=manual__2024-07-21T03:46:12.060542+00:00
[2024-07-21 03:46:13,309] {python.py:151} INFO - Done. Returned value was: True
[2024-07-21 03:46:13,333] {taskinstance.py:1211} INFO - Marking task as SUCCESS. dag_id=ETL_task, task_id=load_from_mysql, execution_date=20240721T034612, start_date=20240721T034613, end_date=20240721T034613
[2024-07-21 03:46:13,356] {taskinstance.py:1265} INFO - 1 downstream tasks scheduled from follow-on schedule check
[2024-07-21 03:46:13,394] {local_task_job.py:149} INFO - Task exited with return code 0
