[2024-07-21 03:42:04,337] {taskinstance.py:896} INFO - Dependencies all met for <TaskInstance: ETL_task.load_from_mysql 2021-08-09T00:00:00+00:00 [queued]>
[2024-07-21 03:42:04,371] {taskinstance.py:896} INFO - Dependencies all met for <TaskInstance: ETL_task.load_from_mysql 2021-08-09T00:00:00+00:00 [queued]>
[2024-07-21 03:42:04,372] {taskinstance.py:1087} INFO - 
--------------------------------------------------------------------------------
[2024-07-21 03:42:04,372] {taskinstance.py:1088} INFO - Starting attempt 1 of 2
[2024-07-21 03:42:04,373] {taskinstance.py:1089} INFO - 
--------------------------------------------------------------------------------
[2024-07-21 03:42:04,388] {taskinstance.py:1107} INFO - Executing <Task(PythonOperator): load_from_mysql> on 2021-08-09T00:00:00+00:00
[2024-07-21 03:42:04,397] {standard_task_runner.py:52} INFO - Started process 247 to run task
[2024-07-21 03:42:04,404] {standard_task_runner.py:76} INFO - Running: ['***', 'tasks', 'run', 'ETL_task', 'load_from_mysql', '2021-08-09T00:00:00+00:00', '--job-id', '179', '--pool', 'default_pool', '--raw', '--subdir', 'DAGS_FOLDER/ELT.py', '--cfg-path', '/tmp/tmpf5pcegk3', '--error-file', '/tmp/tmpqx8_civ7']
[2024-07-21 03:42:04,405] {standard_task_runner.py:77} INFO - Job 179: Subtask load_from_mysql
[2024-07-21 03:42:04,478] {logging_mixin.py:104} INFO - Running <TaskInstance: ETL_task.load_from_mysql 2021-08-09T00:00:00+00:00 [running]> on host abd747f4a187
[2024-07-21 03:42:04,579] {taskinstance.py:1302} INFO - Exporting the following env vars:
AIRFLOW_CTX_DAG_EMAIL=trihx2003@gmail.com
AIRFLOW_CTX_DAG_OWNER=***
AIRFLOW_CTX_DAG_ID=ETL_task
AIRFLOW_CTX_TASK_ID=load_from_mysql
AIRFLOW_CTX_EXECUTION_DATE=2021-08-09T00:00:00+00:00
AIRFLOW_CTX_DAG_RUN_ID=scheduled__2021-08-09T00:00:00+00:00
[2024-07-21 03:42:04,612] {python.py:151} INFO - Done. Returned value was: True
[2024-07-21 03:42:04,668] {taskinstance.py:1211} INFO - Marking task as SUCCESS. dag_id=ETL_task, task_id=load_from_mysql, execution_date=20210809T000000, start_date=20240721T034204, end_date=20240721T034204
[2024-07-21 03:42:04,727] {taskinstance.py:1265} INFO - 1 downstream tasks scheduled from follow-on schedule check
[2024-07-21 03:42:04,784] {local_task_job.py:149} INFO - Task exited with return code 0
