[2024-07-21 03:58:18,667] {taskinstance.py:896} INFO - Dependencies all met for <TaskInstance: ETL_task.load_from_mysql 2024-07-21T03:48:26.526927+00:00 [queued]>
[2024-07-21 03:58:18,690] {taskinstance.py:896} INFO - Dependencies all met for <TaskInstance: ETL_task.load_from_mysql 2024-07-21T03:48:26.526927+00:00 [queued]>
[2024-07-21 03:58:18,691] {taskinstance.py:1087} INFO - 
--------------------------------------------------------------------------------
[2024-07-21 03:58:18,691] {taskinstance.py:1088} INFO - Starting attempt 2 of 2
[2024-07-21 03:58:18,691] {taskinstance.py:1089} INFO - 
--------------------------------------------------------------------------------
[2024-07-21 03:58:18,705] {taskinstance.py:1107} INFO - Executing <Task(PythonOperator): load_from_mysql> on 2024-07-21T03:48:26.526927+00:00
[2024-07-21 03:58:18,711] {standard_task_runner.py:52} INFO - Started process 163 to run task
[2024-07-21 03:58:18,717] {standard_task_runner.py:76} INFO - Running: ['***', 'tasks', 'run', 'ETL_task', 'load_from_mysql', '2024-07-21T03:48:26.526927+00:00', '--job-id', '222', '--pool', 'default_pool', '--raw', '--subdir', 'DAGS_FOLDER/ELT.py', '--cfg-path', '/tmp/tmpljo2u86w', '--error-file', '/tmp/tmp8755zky_']
[2024-07-21 03:58:18,717] {standard_task_runner.py:77} INFO - Job 222: Subtask load_from_mysql
[2024-07-21 03:58:18,771] {logging_mixin.py:104} INFO - Running <TaskInstance: ETL_task.load_from_mysql 2024-07-21T03:48:26.526927+00:00 [running]> on host 9fa3a025d361
[2024-07-21 03:58:18,829] {taskinstance.py:1302} INFO - Exporting the following env vars:
AIRFLOW_CTX_DAG_EMAIL=trihx2003@gmail.com
AIRFLOW_CTX_DAG_OWNER=***
AIRFLOW_CTX_DAG_ID=ETL_task
AIRFLOW_CTX_TASK_ID=load_from_mysql
AIRFLOW_CTX_EXECUTION_DATE=2024-07-21T03:48:26.526927+00:00
AIRFLOW_CTX_DAG_RUN_ID=manual__2024-07-21T03:48:26.526927+00:00
[2024-07-21 03:58:19,077] {python.py:151} INFO - Done. Returned value was: True
[2024-07-21 03:58:19,101] {taskinstance.py:1211} INFO - Marking task as SUCCESS. dag_id=ETL_task, task_id=load_from_mysql, execution_date=20240721T034826, start_date=20240721T035818, end_date=20240721T035819
[2024-07-21 03:58:19,127] {taskinstance.py:1265} INFO - 1 downstream tasks scheduled from follow-on schedule check
[2024-07-21 03:58:19,178] {local_task_job.py:149} INFO - Task exited with return code 0
