[2024-07-21 04:13:01,738] {taskinstance.py:896} INFO - Dependencies all met for <TaskInstance: ETL_task.load_from_mysql 2024-07-21T04:12:58.483368+00:00 [queued]>
[2024-07-21 04:13:01,753] {taskinstance.py:896} INFO - Dependencies all met for <TaskInstance: ETL_task.load_from_mysql 2024-07-21T04:12:58.483368+00:00 [queued]>
[2024-07-21 04:13:01,754] {taskinstance.py:1087} INFO - 
--------------------------------------------------------------------------------
[2024-07-21 04:13:01,754] {taskinstance.py:1088} INFO - Starting attempt 1 of 2
[2024-07-21 04:13:01,754] {taskinstance.py:1089} INFO - 
--------------------------------------------------------------------------------
[2024-07-21 04:13:01,766] {taskinstance.py:1107} INFO - Executing <Task(PythonOperator): load_from_mysql> on 2024-07-21T04:12:58.483368+00:00
[2024-07-21 04:13:01,769] {standard_task_runner.py:52} INFO - Started process 179 to run task
[2024-07-21 04:13:01,773] {standard_task_runner.py:76} INFO - Running: ['***', 'tasks', 'run', 'ETL_task', 'load_from_mysql', '2024-07-21T04:12:58.483368+00:00', '--job-id', '246', '--pool', 'default_pool', '--raw', '--subdir', 'DAGS_FOLDER/ELT.py', '--cfg-path', '/tmp/tmp8i2c6y7d', '--error-file', '/tmp/tmp4k3b0rc7']
[2024-07-21 04:13:01,773] {standard_task_runner.py:77} INFO - Job 246: Subtask load_from_mysql
[2024-07-21 04:13:01,835] {logging_mixin.py:104} INFO - Running <TaskInstance: ETL_task.load_from_mysql 2024-07-21T04:12:58.483368+00:00 [running]> on host ee2abb70ba01
[2024-07-21 04:13:01,889] {taskinstance.py:1302} INFO - Exporting the following env vars:
AIRFLOW_CTX_DAG_EMAIL=trihx2003@gmail.com
AIRFLOW_CTX_DAG_OWNER=***
AIRFLOW_CTX_DAG_ID=ETL_task
AIRFLOW_CTX_TASK_ID=load_from_mysql
AIRFLOW_CTX_EXECUTION_DATE=2024-07-21T04:12:58.483368+00:00
AIRFLOW_CTX_DAG_RUN_ID=manual__2024-07-21T04:12:58.483368+00:00
[2024-07-21 04:13:01,933] {python.py:151} INFO - Done. Returned value was: True
[2024-07-21 04:13:01,957] {taskinstance.py:1211} INFO - Marking task as SUCCESS. dag_id=ETL_task, task_id=load_from_mysql, execution_date=20240721T041258, start_date=20240721T041301, end_date=20240721T041301
[2024-07-21 04:13:01,991] {taskinstance.py:1265} INFO - 1 downstream tasks scheduled from follow-on schedule check
[2024-07-21 04:13:02,033] {local_task_job.py:149} INFO - Task exited with return code 0
