[2024-07-21 04:36:56,126] {taskinstance.py:896} INFO - Dependencies all met for <TaskInstance: ETL_task.load_from_mysql 2024-07-21T04:36:53.275562+00:00 [queued]>
[2024-07-21 04:36:56,212] {taskinstance.py:896} INFO - Dependencies all met for <TaskInstance: ETL_task.load_from_mysql 2024-07-21T04:36:53.275562+00:00 [queued]>
[2024-07-21 04:36:56,212] {taskinstance.py:1087} INFO - 
--------------------------------------------------------------------------------
[2024-07-21 04:36:56,213] {taskinstance.py:1088} INFO - Starting attempt 1 of 2
[2024-07-21 04:36:56,213] {taskinstance.py:1089} INFO - 
--------------------------------------------------------------------------------
[2024-07-21 04:36:56,334] {taskinstance.py:1107} INFO - Executing <Task(PythonOperator): load_from_mysql> on 2024-07-21T04:36:53.275562+00:00
[2024-07-21 04:36:56,339] {standard_task_runner.py:52} INFO - Started process 187 to run task
[2024-07-21 04:36:56,342] {standard_task_runner.py:76} INFO - Running: ['***', 'tasks', 'run', 'ETL_task', 'load_from_mysql', '2024-07-21T04:36:53.275562+00:00', '--job-id', '256', '--pool', 'default_pool', '--raw', '--subdir', 'DAGS_FOLDER/ETL.py', '--cfg-path', '/tmp/tmpug872q1h', '--error-file', '/tmp/tmpxi9v2yxj']
[2024-07-21 04:36:56,343] {standard_task_runner.py:77} INFO - Job 256: Subtask load_from_mysql
[2024-07-21 04:36:56,965] {logging_mixin.py:104} INFO - Running <TaskInstance: ETL_task.load_from_mysql 2024-07-21T04:36:53.275562+00:00 [running]> on host b19ee44dc7cc
[2024-07-21 04:36:57,226] {taskinstance.py:1302} INFO - Exporting the following env vars:
AIRFLOW_CTX_DAG_EMAIL=trihx2003@gmail.com
AIRFLOW_CTX_DAG_OWNER=***
AIRFLOW_CTX_DAG_ID=ETL_task
AIRFLOW_CTX_TASK_ID=load_from_mysql
AIRFLOW_CTX_EXECUTION_DATE=2024-07-21T04:36:53.275562+00:00
AIRFLOW_CTX_DAG_RUN_ID=manual__2024-07-21T04:36:53.275562+00:00
[2024-07-21 04:37:01,614] {python.py:151} INFO - Done. Returned value was: True
[2024-07-21 04:37:01,699] {taskinstance.py:1211} INFO - Marking task as SUCCESS. dag_id=ETL_task, task_id=load_from_mysql, execution_date=20240721T043653, start_date=20240721T043656, end_date=20240721T043701
[2024-07-21 04:37:01,757] {taskinstance.py:1265} INFO - 1 downstream tasks scheduled from follow-on schedule check
[2024-07-21 04:37:01,805] {local_task_job.py:149} INFO - Task exited with return code 0
