[2024-07-23 15:30:27,366] {taskinstance.py:896} INFO - Dependencies all met for <TaskInstance: ETL_task.send_email 2024-07-23T15:27:52.941443+00:00 [queued]>
[2024-07-23 15:30:27,380] {taskinstance.py:896} INFO - Dependencies all met for <TaskInstance: ETL_task.send_email 2024-07-23T15:27:52.941443+00:00 [queued]>
[2024-07-23 15:30:27,380] {taskinstance.py:1087} INFO - 
--------------------------------------------------------------------------------
[2024-07-23 15:30:27,381] {taskinstance.py:1088} INFO - Starting attempt 1 of 2
[2024-07-23 15:30:27,381] {taskinstance.py:1089} INFO - 
--------------------------------------------------------------------------------
[2024-07-23 15:30:27,390] {taskinstance.py:1107} INFO - Executing <Task(PythonOperator): send_email> on 2024-07-23T15:27:52.941443+00:00
[2024-07-23 15:30:27,399] {standard_task_runner.py:76} INFO - Running: ['***', 'tasks', 'run', 'ETL_task', 'send_email', '2024-07-23T15:27:52.941443+00:00', '--job-id', '345', '--pool', 'default_pool', '--raw', '--subdir', 'DAGS_FOLDER/ETL.py', '--cfg-path', '/tmp/tmpc3std5aw', '--error-file', '/tmp/tmp4bf0x2zb']
[2024-07-23 15:30:27,395] {standard_task_runner.py:52} INFO - Started process 3710 to run task
[2024-07-23 15:30:27,404] {standard_task_runner.py:77} INFO - Job 345: Subtask send_email
[2024-07-23 15:30:27,729] {logging_mixin.py:104} INFO - Running <TaskInstance: ETL_task.send_email 2024-07-23T15:27:52.941443+00:00 [running]> on host 1026daea27fc
[2024-07-23 15:30:27,905] {taskinstance.py:1302} INFO - Exporting the following env vars:
AIRFLOW_CTX_DAG_EMAIL=trihx2003@gmail.com
AIRFLOW_CTX_DAG_OWNER=***
AIRFLOW_CTX_DAG_ID=ETL_task
AIRFLOW_CTX_TASK_ID=send_email
AIRFLOW_CTX_EXECUTION_DATE=2024-07-23T15:27:52.941443+00:00
AIRFLOW_CTX_DAG_RUN_ID=manual__2024-07-23T15:27:52.941443+00:00
[2024-07-23 15:30:31,362] {python.py:151} INFO - Done. Returned value was: True
[2024-07-23 15:30:31,389] {taskinstance.py:1211} INFO - Marking task as SUCCESS. dag_id=ETL_task, task_id=send_email, execution_date=20240723T152752, start_date=20240723T153027, end_date=20240723T153031
[2024-07-23 15:30:31,434] {taskinstance.py:1265} INFO - 0 downstream tasks scheduled from follow-on schedule check
[2024-07-23 15:30:31,482] {local_task_job.py:149} INFO - Task exited with return code 0
