[2024-07-21 04:03:49,278] {taskinstance.py:896} INFO - Dependencies all met for <TaskInstance: ETL_task.load_from_mysql 2024-07-21T04:03:45.680460+00:00 [queued]>
[2024-07-21 04:03:49,305] {taskinstance.py:896} INFO - Dependencies all met for <TaskInstance: ETL_task.load_from_mysql 2024-07-21T04:03:45.680460+00:00 [queued]>
[2024-07-21 04:03:49,306] {taskinstance.py:1087} INFO - 
--------------------------------------------------------------------------------
[2024-07-21 04:03:49,306] {taskinstance.py:1088} INFO - Starting attempt 1 of 2
[2024-07-21 04:03:49,307] {taskinstance.py:1089} INFO - 
--------------------------------------------------------------------------------
[2024-07-21 04:03:49,329] {taskinstance.py:1107} INFO - Executing <Task(PythonOperator): load_from_mysql> on 2024-07-21T04:03:45.680460+00:00
[2024-07-21 04:03:49,340] {standard_task_runner.py:52} INFO - Started process 153 to run task
[2024-07-21 04:03:49,345] {standard_task_runner.py:76} INFO - Running: ['***', 'tasks', 'run', 'ETL_task', 'load_from_mysql', '2024-07-21T04:03:45.680460+00:00', '--job-id', '236', '--pool', 'default_pool', '--raw', '--subdir', 'DAGS_FOLDER/ELT.py', '--cfg-path', '/tmp/tmp97aoryjj', '--error-file', '/tmp/tmpuie2yr1m']
[2024-07-21 04:03:49,346] {standard_task_runner.py:77} INFO - Job 236: Subtask load_from_mysql
[2024-07-21 04:03:49,441] {logging_mixin.py:104} INFO - Running <TaskInstance: ETL_task.load_from_mysql 2024-07-21T04:03:45.680460+00:00 [running]> on host 51872ae9398f
[2024-07-21 04:03:49,524] {taskinstance.py:1302} INFO - Exporting the following env vars:
AIRFLOW_CTX_DAG_EMAIL=trihx2003@gmail.com
AIRFLOW_CTX_DAG_OWNER=***
AIRFLOW_CTX_DAG_ID=ETL_task
AIRFLOW_CTX_TASK_ID=load_from_mysql
AIRFLOW_CTX_EXECUTION_DATE=2024-07-21T04:03:45.680460+00:00
AIRFLOW_CTX_DAG_RUN_ID=manual__2024-07-21T04:03:45.680460+00:00
[2024-07-21 04:03:49,781] {python.py:151} INFO - Done. Returned value was: True
[2024-07-21 04:03:49,813] {taskinstance.py:1211} INFO - Marking task as SUCCESS. dag_id=ETL_task, task_id=load_from_mysql, execution_date=20240721T040345, start_date=20240721T040349, end_date=20240721T040349
[2024-07-21 04:03:49,851] {taskinstance.py:1265} INFO - 1 downstream tasks scheduled from follow-on schedule check
[2024-07-21 04:03:49,890] {local_task_job.py:149} INFO - Task exited with return code 0
