[2024-07-21 04:13:02,920] {taskinstance.py:896} INFO - Dependencies all met for <TaskInstance: ETL_task.caculate_square_amount 2024-07-21T04:12:58.483368+00:00 [queued]>
[2024-07-21 04:13:02,984] {taskinstance.py:896} INFO - Dependencies all met for <TaskInstance: ETL_task.caculate_square_amount 2024-07-21T04:12:58.483368+00:00 [queued]>
[2024-07-21 04:13:02,985] {taskinstance.py:1087} INFO - 
--------------------------------------------------------------------------------
[2024-07-21 04:13:02,986] {taskinstance.py:1088} INFO - Starting attempt 1 of 2
[2024-07-21 04:13:02,986] {taskinstance.py:1089} INFO - 
--------------------------------------------------------------------------------
[2024-07-21 04:13:03,037] {taskinstance.py:1107} INFO - Executing <Task(PythonOperator): caculate_square_amount> on 2024-07-21T04:12:58.483368+00:00
[2024-07-21 04:13:03,041] {standard_task_runner.py:52} INFO - Started process 181 to run task
[2024-07-21 04:13:03,046] {standard_task_runner.py:76} INFO - Running: ['***', 'tasks', 'run', 'ETL_task', 'caculate_square_amount', '2024-07-21T04:12:58.483368+00:00', '--job-id', '247', '--pool', 'default_pool', '--raw', '--subdir', 'DAGS_FOLDER/ELT.py', '--cfg-path', '/tmp/tmpssx0u7zz', '--error-file', '/tmp/tmpiadcswbm']
[2024-07-21 04:13:03,047] {standard_task_runner.py:77} INFO - Job 247: Subtask caculate_square_amount
[2024-07-21 04:13:03,111] {logging_mixin.py:104} INFO - Running <TaskInstance: ETL_task.caculate_square_amount 2024-07-21T04:12:58.483368+00:00 [running]> on host ee2abb70ba01
[2024-07-21 04:13:03,183] {taskinstance.py:1302} INFO - Exporting the following env vars:
AIRFLOW_CTX_DAG_EMAIL=trihx2003@gmail.com
AIRFLOW_CTX_DAG_OWNER=***
AIRFLOW_CTX_DAG_ID=ETL_task
AIRFLOW_CTX_TASK_ID=caculate_square_amount
AIRFLOW_CTX_EXECUTION_DATE=2024-07-21T04:12:58.483368+00:00
AIRFLOW_CTX_DAG_RUN_ID=manual__2024-07-21T04:12:58.483368+00:00
[2024-07-21 04:13:03,482] {python.py:151} INFO - Done. Returned value was: True
[2024-07-21 04:13:03,541] {taskinstance.py:1211} INFO - Marking task as SUCCESS. dag_id=ETL_task, task_id=caculate_square_amount, execution_date=20240721T041258, start_date=20240721T041302, end_date=20240721T041303
[2024-07-21 04:13:03,601] {taskinstance.py:1265} INFO - 1 downstream tasks scheduled from follow-on schedule check
[2024-07-21 04:13:03,618] {local_task_job.py:149} INFO - Task exited with return code 0
