[2024-07-21 04:05:31,668] {taskinstance.py:896} INFO - Dependencies all met for <TaskInstance: ETL_task.load_from_mysql 2024-07-21T04:05:29.822608+00:00 [queued]>
[2024-07-21 04:05:31,679] {taskinstance.py:896} INFO - Dependencies all met for <TaskInstance: ETL_task.load_from_mysql 2024-07-21T04:05:29.822608+00:00 [queued]>
[2024-07-21 04:05:31,680] {taskinstance.py:1087} INFO - 
--------------------------------------------------------------------------------
[2024-07-21 04:05:31,680] {taskinstance.py:1088} INFO - Starting attempt 1 of 2
[2024-07-21 04:05:31,681] {taskinstance.py:1089} INFO - 
--------------------------------------------------------------------------------
[2024-07-21 04:05:31,694] {taskinstance.py:1107} INFO - Executing <Task(PythonOperator): load_from_mysql> on 2024-07-21T04:05:29.822608+00:00
[2024-07-21 04:05:31,699] {standard_task_runner.py:52} INFO - Started process 339 to run task
[2024-07-21 04:05:31,701] {standard_task_runner.py:76} INFO - Running: ['***', 'tasks', 'run', 'ETL_task', 'load_from_mysql', '2024-07-21T04:05:29.822608+00:00', '--job-id', '240', '--pool', 'default_pool', '--raw', '--subdir', 'DAGS_FOLDER/ELT.py', '--cfg-path', '/tmp/tmpu76qo_yf', '--error-file', '/tmp/tmprbmjykyf']
[2024-07-21 04:05:31,702] {standard_task_runner.py:77} INFO - Job 240: Subtask load_from_mysql
[2024-07-21 04:05:31,737] {logging_mixin.py:104} INFO - Running <TaskInstance: ETL_task.load_from_mysql 2024-07-21T04:05:29.822608+00:00 [running]> on host 51872ae9398f
[2024-07-21 04:05:31,775] {taskinstance.py:1302} INFO - Exporting the following env vars:
AIRFLOW_CTX_DAG_EMAIL=trihx2003@gmail.com
AIRFLOW_CTX_DAG_OWNER=***
AIRFLOW_CTX_DAG_ID=ETL_task
AIRFLOW_CTX_TASK_ID=load_from_mysql
AIRFLOW_CTX_EXECUTION_DATE=2024-07-21T04:05:29.822608+00:00
AIRFLOW_CTX_DAG_RUN_ID=manual__2024-07-21T04:05:29.822608+00:00
[2024-07-21 04:05:31,784] {python.py:151} INFO - Done. Returned value was: True
[2024-07-21 04:05:31,806] {taskinstance.py:1211} INFO - Marking task as SUCCESS. dag_id=ETL_task, task_id=load_from_mysql, execution_date=20240721T040529, start_date=20240721T040531, end_date=20240721T040531
[2024-07-21 04:05:31,829] {taskinstance.py:1265} INFO - 1 downstream tasks scheduled from follow-on schedule check
[2024-07-21 04:05:31,873] {local_task_job.py:149} INFO - Task exited with return code 0
