[2024-07-21 03:42:05,776] {taskinstance.py:896} INFO - Dependencies all met for <TaskInstance: ETL_task.load_from_mysql 2021-08-11T00:00:00+00:00 [queued]>
[2024-07-21 03:42:05,855] {taskinstance.py:896} INFO - Dependencies all met for <TaskInstance: ETL_task.load_from_mysql 2021-08-11T00:00:00+00:00 [queued]>
[2024-07-21 03:42:05,856] {taskinstance.py:1087} INFO - 
--------------------------------------------------------------------------------
[2024-07-21 03:42:05,857] {taskinstance.py:1088} INFO - Starting attempt 1 of 2
[2024-07-21 03:42:05,859] {taskinstance.py:1089} INFO - 
--------------------------------------------------------------------------------
[2024-07-21 03:42:05,905] {taskinstance.py:1107} INFO - Executing <Task(PythonOperator): load_from_mysql> on 2021-08-11T00:00:00+00:00
[2024-07-21 03:42:05,915] {standard_task_runner.py:52} INFO - Started process 263 to run task
[2024-07-21 03:42:05,927] {standard_task_runner.py:76} INFO - Running: ['***', 'tasks', 'run', 'ETL_task', 'load_from_mysql', '2021-08-11T00:00:00+00:00', '--job-id', '186', '--pool', 'default_pool', '--raw', '--subdir', 'DAGS_FOLDER/ELT.py', '--cfg-path', '/tmp/tmp5v4n9frz', '--error-file', '/tmp/tmpd4xqlsa6']
[2024-07-21 03:42:05,928] {standard_task_runner.py:77} INFO - Job 186: Subtask load_from_mysql
[2024-07-21 03:42:06,035] {logging_mixin.py:104} INFO - Running <TaskInstance: ETL_task.load_from_mysql 2021-08-11T00:00:00+00:00 [running]> on host abd747f4a187
[2024-07-21 03:42:06,149] {taskinstance.py:1302} INFO - Exporting the following env vars:
AIRFLOW_CTX_DAG_EMAIL=trihx2003@gmail.com
AIRFLOW_CTX_DAG_OWNER=***
AIRFLOW_CTX_DAG_ID=ETL_task
AIRFLOW_CTX_TASK_ID=load_from_mysql
AIRFLOW_CTX_EXECUTION_DATE=2021-08-11T00:00:00+00:00
AIRFLOW_CTX_DAG_RUN_ID=scheduled__2021-08-11T00:00:00+00:00
[2024-07-21 03:42:06,173] {python.py:151} INFO - Done. Returned value was: True
[2024-07-21 03:42:06,233] {taskinstance.py:1211} INFO - Marking task as SUCCESS. dag_id=ETL_task, task_id=load_from_mysql, execution_date=20210811T000000, start_date=20240721T034205, end_date=20240721T034206
[2024-07-21 03:42:06,392] {taskinstance.py:1265} INFO - 1 downstream tasks scheduled from follow-on schedule check
[2024-07-21 03:42:06,433] {local_task_job.py:149} INFO - Task exited with return code 0
