[2024-07-21 04:44:16,790] {taskinstance.py:896} INFO - Dependencies all met for <TaskInstance: ETL_task.caculate_square_amount 2024-07-21T04:44:13.800760+00:00 [queued]>
[2024-07-21 04:44:16,804] {taskinstance.py:896} INFO - Dependencies all met for <TaskInstance: ETL_task.caculate_square_amount 2024-07-21T04:44:13.800760+00:00 [queued]>
[2024-07-21 04:44:16,805] {taskinstance.py:1087} INFO - 
--------------------------------------------------------------------------------
[2024-07-21 04:44:16,805] {taskinstance.py:1088} INFO - Starting attempt 1 of 2
[2024-07-21 04:44:16,805] {taskinstance.py:1089} INFO - 
--------------------------------------------------------------------------------
[2024-07-21 04:44:16,815] {taskinstance.py:1107} INFO - Executing <Task(PythonOperator): caculate_square_amount> on 2024-07-21T04:44:13.800760+00:00
[2024-07-21 04:44:16,819] {standard_task_runner.py:52} INFO - Started process 943 to run task
[2024-07-21 04:44:16,822] {standard_task_runner.py:76} INFO - Running: ['***', 'tasks', 'run', 'ETL_task', 'caculate_square_amount', '2024-07-21T04:44:13.800760+00:00', '--job-id', '262', '--pool', 'default_pool', '--raw', '--subdir', 'DAGS_FOLDER/ETL.py', '--cfg-path', '/tmp/tmp9gyn5bn9', '--error-file', '/tmp/tmp9x9uvy81']
[2024-07-21 04:44:16,822] {standard_task_runner.py:77} INFO - Job 262: Subtask caculate_square_amount
[2024-07-21 04:44:16,859] {logging_mixin.py:104} INFO - Running <TaskInstance: ETL_task.caculate_square_amount 2024-07-21T04:44:13.800760+00:00 [running]> on host b19ee44dc7cc
[2024-07-21 04:44:16,899] {taskinstance.py:1302} INFO - Exporting the following env vars:
AIRFLOW_CTX_DAG_EMAIL=trihx2003@gmail.com
AIRFLOW_CTX_DAG_OWNER=***
AIRFLOW_CTX_DAG_ID=ETL_task
AIRFLOW_CTX_TASK_ID=caculate_square_amount
AIRFLOW_CTX_EXECUTION_DATE=2024-07-21T04:44:13.800760+00:00
AIRFLOW_CTX_DAG_RUN_ID=manual__2024-07-21T04:44:13.800760+00:00
[2024-07-21 04:44:16,928] {python.py:151} INFO - Done. Returned value was: True
[2024-07-21 04:44:16,949] {taskinstance.py:1211} INFO - Marking task as SUCCESS. dag_id=ETL_task, task_id=caculate_square_amount, execution_date=20240721T044413, start_date=20240721T044416, end_date=20240721T044416
[2024-07-21 04:44:16,974] {taskinstance.py:1265} INFO - 1 downstream tasks scheduled from follow-on schedule check
[2024-07-21 04:44:16,994] {local_task_job.py:149} INFO - Task exited with return code 0
