[2024-07-21 04:05:32,821] {taskinstance.py:896} INFO - Dependencies all met for <TaskInstance: ETL_task.caculate_square_amount 2024-07-21T04:05:29.822608+00:00 [queued]>
[2024-07-21 04:05:32,832] {taskinstance.py:896} INFO - Dependencies all met for <TaskInstance: ETL_task.caculate_square_amount 2024-07-21T04:05:29.822608+00:00 [queued]>
[2024-07-21 04:05:32,833] {taskinstance.py:1087} INFO - 
--------------------------------------------------------------------------------
[2024-07-21 04:05:32,834] {taskinstance.py:1088} INFO - Starting attempt 1 of 2
[2024-07-21 04:05:32,834] {taskinstance.py:1089} INFO - 
--------------------------------------------------------------------------------
[2024-07-21 04:05:32,846] {taskinstance.py:1107} INFO - Executing <Task(PythonOperator): caculate_square_amount> on 2024-07-21T04:05:29.822608+00:00
[2024-07-21 04:05:32,850] {standard_task_runner.py:52} INFO - Started process 341 to run task
[2024-07-21 04:05:32,852] {standard_task_runner.py:76} INFO - Running: ['***', 'tasks', 'run', 'ETL_task', 'caculate_square_amount', '2024-07-21T04:05:29.822608+00:00', '--job-id', '241', '--pool', 'default_pool', '--raw', '--subdir', 'DAGS_FOLDER/ELT.py', '--cfg-path', '/tmp/tmpgqg16u3p', '--error-file', '/tmp/tmpv9b109ek']
[2024-07-21 04:05:32,853] {standard_task_runner.py:77} INFO - Job 241: Subtask caculate_square_amount
[2024-07-21 04:05:32,888] {logging_mixin.py:104} INFO - Running <TaskInstance: ETL_task.caculate_square_amount 2024-07-21T04:05:29.822608+00:00 [running]> on host 51872ae9398f
[2024-07-21 04:05:32,926] {taskinstance.py:1302} INFO - Exporting the following env vars:
AIRFLOW_CTX_DAG_EMAIL=trihx2003@gmail.com
AIRFLOW_CTX_DAG_OWNER=***
AIRFLOW_CTX_DAG_ID=ETL_task
AIRFLOW_CTX_TASK_ID=caculate_square_amount
AIRFLOW_CTX_EXECUTION_DATE=2024-07-21T04:05:29.822608+00:00
AIRFLOW_CTX_DAG_RUN_ID=manual__2024-07-21T04:05:29.822608+00:00
[2024-07-21 04:05:32,948] {python.py:151} INFO - Done. Returned value was: True
[2024-07-21 04:05:32,968] {taskinstance.py:1211} INFO - Marking task as SUCCESS. dag_id=ETL_task, task_id=caculate_square_amount, execution_date=20240721T040529, start_date=20240721T040532, end_date=20240721T040532
[2024-07-21 04:05:32,991] {taskinstance.py:1265} INFO - 1 downstream tasks scheduled from follow-on schedule check
[2024-07-21 04:05:33,025] {local_task_job.py:149} INFO - Task exited with return code 0
