[2024-07-21 03:58:19,786] {taskinstance.py:896} INFO - Dependencies all met for <TaskInstance: ETL_task.caculate_square_amount 2024-07-21T03:48:26.526927+00:00 [queued]>
[2024-07-21 03:58:19,799] {taskinstance.py:896} INFO - Dependencies all met for <TaskInstance: ETL_task.caculate_square_amount 2024-07-21T03:48:26.526927+00:00 [queued]>
[2024-07-21 03:58:19,800] {taskinstance.py:1087} INFO - 
--------------------------------------------------------------------------------
[2024-07-21 03:58:19,800] {taskinstance.py:1088} INFO - Starting attempt 1 of 2
[2024-07-21 03:58:19,800] {taskinstance.py:1089} INFO - 
--------------------------------------------------------------------------------
[2024-07-21 03:58:19,808] {taskinstance.py:1107} INFO - Executing <Task(PythonOperator): caculate_square_amount> on 2024-07-21T03:48:26.526927+00:00
[2024-07-21 03:58:19,811] {standard_task_runner.py:52} INFO - Started process 166 to run task
[2024-07-21 03:58:19,815] {standard_task_runner.py:76} INFO - Running: ['***', 'tasks', 'run', 'ETL_task', 'caculate_square_amount', '2024-07-21T03:48:26.526927+00:00', '--job-id', '225', '--pool', 'default_pool', '--raw', '--subdir', 'DAGS_FOLDER/ELT.py', '--cfg-path', '/tmp/tmp0b0soq23', '--error-file', '/tmp/tmp4ccg3s8w']
[2024-07-21 03:58:19,815] {standard_task_runner.py:77} INFO - Job 225: Subtask caculate_square_amount
[2024-07-21 03:58:19,856] {logging_mixin.py:104} INFO - Running <TaskInstance: ETL_task.caculate_square_amount 2024-07-21T03:48:26.526927+00:00 [running]> on host 9fa3a025d361
[2024-07-21 03:58:19,901] {taskinstance.py:1302} INFO - Exporting the following env vars:
AIRFLOW_CTX_DAG_EMAIL=trihx2003@gmail.com
AIRFLOW_CTX_DAG_OWNER=***
AIRFLOW_CTX_DAG_ID=ETL_task
AIRFLOW_CTX_TASK_ID=caculate_square_amount
AIRFLOW_CTX_EXECUTION_DATE=2024-07-21T03:48:26.526927+00:00
AIRFLOW_CTX_DAG_RUN_ID=manual__2024-07-21T03:48:26.526927+00:00
[2024-07-21 03:58:19,948] {python.py:151} INFO - Done. Returned value was: True
[2024-07-21 03:58:19,973] {taskinstance.py:1211} INFO - Marking task as SUCCESS. dag_id=ETL_task, task_id=caculate_square_amount, execution_date=20240721T034826, start_date=20240721T035819, end_date=20240721T035819
[2024-07-21 03:58:19,999] {taskinstance.py:1265} INFO - 1 downstream tasks scheduled from follow-on schedule check
[2024-07-21 03:58:20,026] {local_task_job.py:149} INFO - Task exited with return code 0
