[2024-07-23 15:30:25,454] {taskinstance.py:896} INFO - Dependencies all met for <TaskInstance: ETL_task.load_to_postgres 2024-07-23T15:27:52.941443+00:00 [queued]>
[2024-07-23 15:30:25,467] {taskinstance.py:896} INFO - Dependencies all met for <TaskInstance: ETL_task.load_to_postgres 2024-07-23T15:27:52.941443+00:00 [queued]>
[2024-07-23 15:30:25,468] {taskinstance.py:1087} INFO - 
--------------------------------------------------------------------------------
[2024-07-23 15:30:25,469] {taskinstance.py:1088} INFO - Starting attempt 1 of 2
[2024-07-23 15:30:25,469] {taskinstance.py:1089} INFO - 
--------------------------------------------------------------------------------
[2024-07-23 15:30:25,478] {taskinstance.py:1107} INFO - Executing <Task(PythonOperator): load_to_postgres> on 2024-07-23T15:27:52.941443+00:00
[2024-07-23 15:30:25,493] {standard_task_runner.py:76} INFO - Running: ['***', 'tasks', 'run', 'ETL_task', 'load_to_postgres', '2024-07-23T15:27:52.941443+00:00', '--job-id', '343', '--pool', 'default_pool', '--raw', '--subdir', 'DAGS_FOLDER/ETL.py', '--cfg-path', '/tmp/tmpdnkb9n_m', '--error-file', '/tmp/tmpel6_lege']
[2024-07-23 15:30:25,484] {standard_task_runner.py:52} INFO - Started process 3699 to run task
[2024-07-23 15:30:25,500] {standard_task_runner.py:77} INFO - Job 343: Subtask load_to_postgres
[2024-07-23 15:30:25,716] {logging_mixin.py:104} INFO - Running <TaskInstance: ETL_task.load_to_postgres 2024-07-23T15:27:52.941443+00:00 [running]> on host 1026daea27fc
[2024-07-23 15:30:25,982] {taskinstance.py:1302} INFO - Exporting the following env vars:
AIRFLOW_CTX_DAG_EMAIL=trihx2003@gmail.com
AIRFLOW_CTX_DAG_OWNER=***
AIRFLOW_CTX_DAG_ID=ETL_task
AIRFLOW_CTX_TASK_ID=load_to_postgres
AIRFLOW_CTX_EXECUTION_DATE=2024-07-23T15:27:52.941443+00:00
AIRFLOW_CTX_DAG_RUN_ID=manual__2024-07-23T15:27:52.941443+00:00
[2024-07-23 15:30:26,098] {python.py:151} INFO - Done. Returned value was: True
[2024-07-23 15:30:26,243] {taskinstance.py:1211} INFO - Marking task as SUCCESS. dag_id=ETL_task, task_id=load_to_postgres, execution_date=20240723T152752, start_date=20240723T153025, end_date=20240723T153026
[2024-07-23 15:30:26,271] {taskinstance.py:1265} INFO - 1 downstream tasks scheduled from follow-on schedule check
[2024-07-23 15:30:26,294] {local_task_job.py:149} INFO - Task exited with return code 0
