[2024-07-23 12:21:51,291] {taskinstance.py:896} INFO - Dependencies all met for <TaskInstance: ETL_task.load_from_mysql 2024-07-23T12:19:50.838302+00:00 [queued]>
[2024-07-23 12:21:51,305] {taskinstance.py:896} INFO - Dependencies all met for <TaskInstance: ETL_task.load_from_mysql 2024-07-23T12:19:50.838302+00:00 [queued]>
[2024-07-23 12:21:51,306] {taskinstance.py:1087} INFO - 
--------------------------------------------------------------------------------
[2024-07-23 12:21:51,306] {taskinstance.py:1088} INFO - Starting attempt 1 of 2
[2024-07-23 12:21:51,306] {taskinstance.py:1089} INFO - 
--------------------------------------------------------------------------------
[2024-07-23 12:21:51,314] {taskinstance.py:1107} INFO - Executing <Task(PythonOperator): load_from_mysql> on 2024-07-23T12:19:50.838302+00:00
[2024-07-23 12:21:51,317] {standard_task_runner.py:52} INFO - Started process 1361 to run task
[2024-07-23 12:21:51,321] {standard_task_runner.py:76} INFO - Running: ['***', 'tasks', 'run', 'ETL_task', 'load_from_mysql', '2024-07-23T12:19:50.838302+00:00', '--job-id', '273', '--pool', 'default_pool', '--raw', '--subdir', 'DAGS_FOLDER/ETL.py', '--cfg-path', '/tmp/tmpl1lk_xtg', '--error-file', '/tmp/tmpkfc6rab_']
[2024-07-23 12:21:51,323] {standard_task_runner.py:77} INFO - Job 273: Subtask load_from_mysql
[2024-07-23 12:21:51,359] {logging_mixin.py:104} INFO - Running <TaskInstance: ETL_task.load_from_mysql 2024-07-23T12:19:50.838302+00:00 [running]> on host 9f7825e189e0
[2024-07-23 12:21:51,398] {taskinstance.py:1302} INFO - Exporting the following env vars:
AIRFLOW_CTX_DAG_EMAIL=trihx2003@gmail.com
AIRFLOW_CTX_DAG_OWNER=***
AIRFLOW_CTX_DAG_ID=ETL_task
AIRFLOW_CTX_TASK_ID=load_from_mysql
AIRFLOW_CTX_EXECUTION_DATE=2024-07-23T12:19:50.838302+00:00
AIRFLOW_CTX_DAG_RUN_ID=manual__2024-07-23T12:19:50.838302+00:00
[2024-07-23 12:21:51,418] {python.py:151} INFO - Done. Returned value was: True
[2024-07-23 12:21:51,439] {taskinstance.py:1211} INFO - Marking task as SUCCESS. dag_id=ETL_task, task_id=load_from_mysql, execution_date=20240723T121950, start_date=20240723T122151, end_date=20240723T122151
[2024-07-23 12:21:51,461] {taskinstance.py:1265} INFO - 1 downstream tasks scheduled from follow-on schedule check
[2024-07-23 12:21:51,495] {local_task_job.py:149} INFO - Task exited with return code 0
