[2024-07-21 04:44:15,634] {taskinstance.py:896} INFO - Dependencies all met for <TaskInstance: ETL_task.load_from_mysql 2024-07-21T04:44:13.800760+00:00 [queued]>
[2024-07-21 04:44:15,655] {taskinstance.py:896} INFO - Dependencies all met for <TaskInstance: ETL_task.load_from_mysql 2024-07-21T04:44:13.800760+00:00 [queued]>
[2024-07-21 04:44:15,656] {taskinstance.py:1087} INFO - 
--------------------------------------------------------------------------------
[2024-07-21 04:44:15,656] {taskinstance.py:1088} INFO - Starting attempt 1 of 2
[2024-07-21 04:44:15,657] {taskinstance.py:1089} INFO - 
--------------------------------------------------------------------------------
[2024-07-21 04:44:15,667] {taskinstance.py:1107} INFO - Executing <Task(PythonOperator): load_from_mysql> on 2024-07-21T04:44:13.800760+00:00
[2024-07-21 04:44:15,670] {standard_task_runner.py:52} INFO - Started process 941 to run task
[2024-07-21 04:44:15,673] {standard_task_runner.py:76} INFO - Running: ['***', 'tasks', 'run', 'ETL_task', 'load_from_mysql', '2024-07-21T04:44:13.800760+00:00', '--job-id', '261', '--pool', 'default_pool', '--raw', '--subdir', 'DAGS_FOLDER/ETL.py', '--cfg-path', '/tmp/tmp88q6s64f', '--error-file', '/tmp/tmph4jo2_v5']
[2024-07-21 04:44:15,674] {standard_task_runner.py:77} INFO - Job 261: Subtask load_from_mysql
[2024-07-21 04:44:15,709] {logging_mixin.py:104} INFO - Running <TaskInstance: ETL_task.load_from_mysql 2024-07-21T04:44:13.800760+00:00 [running]> on host b19ee44dc7cc
[2024-07-21 04:44:15,747] {taskinstance.py:1302} INFO - Exporting the following env vars:
AIRFLOW_CTX_DAG_EMAIL=trihx2003@gmail.com
AIRFLOW_CTX_DAG_OWNER=***
AIRFLOW_CTX_DAG_ID=ETL_task
AIRFLOW_CTX_TASK_ID=load_from_mysql
AIRFLOW_CTX_EXECUTION_DATE=2024-07-21T04:44:13.800760+00:00
AIRFLOW_CTX_DAG_RUN_ID=manual__2024-07-21T04:44:13.800760+00:00
[2024-07-21 04:44:15,767] {python.py:151} INFO - Done. Returned value was: True
[2024-07-21 04:44:15,790] {taskinstance.py:1211} INFO - Marking task as SUCCESS. dag_id=ETL_task, task_id=load_from_mysql, execution_date=20240721T044413, start_date=20240721T044415, end_date=20240721T044415
[2024-07-21 04:44:15,813] {taskinstance.py:1265} INFO - 1 downstream tasks scheduled from follow-on schedule check
[2024-07-21 04:44:15,845] {local_task_job.py:149} INFO - Task exited with return code 0
