[2024-07-21 03:49:32,439] {taskinstance.py:896} INFO - Dependencies all met for <TaskInstance: ETL_task.load_from_mysql 2024-07-21T03:49:31.045865+00:00 [queued]>
[2024-07-21 03:49:32,451] {taskinstance.py:896} INFO - Dependencies all met for <TaskInstance: ETL_task.load_from_mysql 2024-07-21T03:49:31.045865+00:00 [queued]>
[2024-07-21 03:49:32,451] {taskinstance.py:1087} INFO - 
--------------------------------------------------------------------------------
[2024-07-21 03:49:32,452] {taskinstance.py:1088} INFO - Starting attempt 1 of 2
[2024-07-21 03:49:32,452] {taskinstance.py:1089} INFO - 
--------------------------------------------------------------------------------
[2024-07-21 03:49:32,460] {taskinstance.py:1107} INFO - Executing <Task(PythonOperator): load_from_mysql> on 2024-07-21T03:49:31.045865+00:00
[2024-07-21 03:49:32,464] {standard_task_runner.py:52} INFO - Started process 1036 to run task
[2024-07-21 03:49:32,466] {standard_task_runner.py:76} INFO - Running: ['***', 'tasks', 'run', 'ETL_task', 'load_from_mysql', '2024-07-21T03:49:31.045865+00:00', '--job-id', '209', '--pool', 'default_pool', '--raw', '--subdir', 'DAGS_FOLDER/ELT.py', '--cfg-path', '/tmp/tmpm66q5mkh', '--error-file', '/tmp/tmpmh8poqex']
[2024-07-21 03:49:32,467] {standard_task_runner.py:77} INFO - Job 209: Subtask load_from_mysql
[2024-07-21 03:49:32,504] {logging_mixin.py:104} INFO - Running <TaskInstance: ETL_task.load_from_mysql 2024-07-21T03:49:31.045865+00:00 [running]> on host abd747f4a187
[2024-07-21 03:49:32,543] {taskinstance.py:1302} INFO - Exporting the following env vars:
AIRFLOW_CTX_DAG_EMAIL=trihx2003@gmail.com
AIRFLOW_CTX_DAG_OWNER=***
AIRFLOW_CTX_DAG_ID=ETL_task
AIRFLOW_CTX_TASK_ID=load_from_mysql
AIRFLOW_CTX_EXECUTION_DATE=2024-07-21T03:49:31.045865+00:00
AIRFLOW_CTX_DAG_RUN_ID=manual__2024-07-21T03:49:31.045865+00:00
[2024-07-21 03:49:32,553] {python.py:151} INFO - Done. Returned value was: True
[2024-07-21 03:49:32,577] {taskinstance.py:1211} INFO - Marking task as SUCCESS. dag_id=ETL_task, task_id=load_from_mysql, execution_date=20240721T034931, start_date=20240721T034932, end_date=20240721T034932
[2024-07-21 03:49:32,599] {taskinstance.py:1265} INFO - 1 downstream tasks scheduled from follow-on schedule check
[2024-07-21 03:49:32,644] {local_task_job.py:149} INFO - Task exited with return code 0
