[2024-07-23 12:24:11,064] {taskinstance.py:896} INFO - Dependencies all met for <TaskInstance: ETL_task.load_from_mysql 2024-07-23T12:15:10.400933+00:00 [queued]>
[2024-07-23 12:24:11,083] {taskinstance.py:896} INFO - Dependencies all met for <TaskInstance: ETL_task.load_from_mysql 2024-07-23T12:15:10.400933+00:00 [queued]>
[2024-07-23 12:24:11,083] {taskinstance.py:1087} INFO - 
--------------------------------------------------------------------------------
[2024-07-23 12:24:11,084] {taskinstance.py:1088} INFO - Starting attempt 1 of 2
[2024-07-23 12:24:11,084] {taskinstance.py:1089} INFO - 
--------------------------------------------------------------------------------
[2024-07-23 12:24:11,092] {taskinstance.py:1107} INFO - Executing <Task(PythonOperator): load_from_mysql> on 2024-07-23T12:15:10.400933+00:00
[2024-07-23 12:24:11,097] {standard_task_runner.py:52} INFO - Started process 1600 to run task
[2024-07-23 12:24:11,101] {standard_task_runner.py:76} INFO - Running: ['***', 'tasks', 'run', 'ETL_task', 'load_from_mysql', '2024-07-23T12:15:10.400933+00:00', '--job-id', '277', '--pool', 'default_pool', '--raw', '--subdir', 'DAGS_FOLDER/ETL.py', '--cfg-path', '/tmp/tmpvplcmmps', '--error-file', '/tmp/tmpuf5swyrl']
[2024-07-23 12:24:11,103] {standard_task_runner.py:77} INFO - Job 277: Subtask load_from_mysql
[2024-07-23 12:24:11,139] {logging_mixin.py:104} INFO - Running <TaskInstance: ETL_task.load_from_mysql 2024-07-23T12:15:10.400933+00:00 [running]> on host 9f7825e189e0
[2024-07-23 12:24:11,183] {taskinstance.py:1302} INFO - Exporting the following env vars:
AIRFLOW_CTX_DAG_EMAIL=trihx2003@gmail.com
AIRFLOW_CTX_DAG_OWNER=***
AIRFLOW_CTX_DAG_ID=ETL_task
AIRFLOW_CTX_TASK_ID=load_from_mysql
AIRFLOW_CTX_EXECUTION_DATE=2024-07-23T12:15:10.400933+00:00
AIRFLOW_CTX_DAG_RUN_ID=manual__2024-07-23T12:15:10.400933+00:00
[2024-07-23 12:24:11,193] {python.py:151} INFO - Done. Returned value was: True
[2024-07-23 12:24:11,214] {taskinstance.py:1211} INFO - Marking task as SUCCESS. dag_id=ETL_task, task_id=load_from_mysql, execution_date=20240723T121510, start_date=20240723T122411, end_date=20240723T122411
[2024-07-23 12:24:11,235] {taskinstance.py:1265} INFO - 1 downstream tasks scheduled from follow-on schedule check
[2024-07-23 12:24:11,275] {local_task_job.py:149} INFO - Task exited with return code 0
