[2024-07-23 12:24:12,189] {taskinstance.py:896} INFO - Dependencies all met for <TaskInstance: ETL_task.transform_data 2024-07-23T12:15:10.400933+00:00 [queued]>
[2024-07-23 12:24:12,209] {taskinstance.py:896} INFO - Dependencies all met for <TaskInstance: ETL_task.transform_data 2024-07-23T12:15:10.400933+00:00 [queued]>
[2024-07-23 12:24:12,210] {taskinstance.py:1087} INFO - 
--------------------------------------------------------------------------------
[2024-07-23 12:24:12,210] {taskinstance.py:1088} INFO - Starting attempt 1 of 2
[2024-07-23 12:24:12,211] {taskinstance.py:1089} INFO - 
--------------------------------------------------------------------------------
[2024-07-23 12:24:12,223] {taskinstance.py:1107} INFO - Executing <Task(PythonOperator): transform_data> on 2024-07-23T12:15:10.400933+00:00
[2024-07-23 12:24:12,230] {standard_task_runner.py:52} INFO - Started process 1602 to run task
[2024-07-23 12:24:12,237] {standard_task_runner.py:76} INFO - Running: ['***', 'tasks', 'run', 'ETL_task', 'transform_data', '2024-07-23T12:15:10.400933+00:00', '--job-id', '278', '--pool', 'default_pool', '--raw', '--subdir', 'DAGS_FOLDER/ETL.py', '--cfg-path', '/tmp/tmpbphdaoyq', '--error-file', '/tmp/tmpn0tthi9q']
[2024-07-23 12:24:12,240] {standard_task_runner.py:77} INFO - Job 278: Subtask transform_data
[2024-07-23 12:24:12,294] {logging_mixin.py:104} INFO - Running <TaskInstance: ETL_task.transform_data 2024-07-23T12:15:10.400933+00:00 [running]> on host 9f7825e189e0
[2024-07-23 12:24:12,363] {taskinstance.py:1302} INFO - Exporting the following env vars:
AIRFLOW_CTX_DAG_EMAIL=trihx2003@gmail.com
AIRFLOW_CTX_DAG_OWNER=***
AIRFLOW_CTX_DAG_ID=ETL_task
AIRFLOW_CTX_TASK_ID=transform_data
AIRFLOW_CTX_EXECUTION_DATE=2024-07-23T12:15:10.400933+00:00
AIRFLOW_CTX_DAG_RUN_ID=manual__2024-07-23T12:15:10.400933+00:00
[2024-07-23 12:24:12,390] {python.py:151} INFO - Done. Returned value was: True
[2024-07-23 12:24:12,415] {taskinstance.py:1211} INFO - Marking task as SUCCESS. dag_id=ETL_task, task_id=transform_data, execution_date=20240723T121510, start_date=20240723T122412, end_date=20240723T122412
[2024-07-23 12:24:12,442] {taskinstance.py:1265} INFO - 1 downstream tasks scheduled from follow-on schedule check
[2024-07-23 12:24:12,450] {local_task_job.py:149} INFO - Task exited with return code 0
